c:\visualstudioproject\detectionmonitor\detectionmonitor\debug\vc140.pdb
c:\visualstudioproject\detectionmonitor\detectionmonitor\debug\.netframework,version=v4.5.2.assemblyattributes.obj
c:\visualstudioproject\detectionmonitor\detectionmonitor\debug\.netframework,version=v4.5.2.assemblyattributes.asm
c:\visualstudioproject\detectionmonitor\detectionmonitor\debug\featuretracker.obj
c:\visualstudioproject\detectionmonitor\detectionmonitor\debug\client.obj
c:\visualstudioproject\detectionmonitor\detectionmonitor\debug\utils.obj
c:\visualstudioproject\detectionmonitor\detectionmonitor\debug\monitorform.obj
c:\visualstudioproject\detectionmonitor\detectionmonitor\debug\detectionmonitor.monitorform.resources
c:\visualstudioproject\detectionmonitor\debug\detectionmonitor.exe
c:\visualstudioproject\detectionmonitor\debug\detectionmonitor.pdb
c:\visualstudioproject\detectionmonitor\detectionmonitor\debug\detectionmonitor.vcxproj.generateresource.cache
c:\visualstudioproject\detectionmonitor\detectionmonitor\debug\detectionmonitor.vcxprojresolveassemblyreference.cache
c:\visualstudioproject\detectionmonitor\detectionmonitor\debug\detectionmonitor.tlog\cl.command.1.tlog
c:\visualstudioproject\detectionmonitor\detectionmonitor\debug\detectionmonitor.tlog\cl.read.1.tlog
c:\visualstudioproject\detectionmonitor\detectionmonitor\debug\detectionmonitor.tlog\cl.write.1.tlog
c:\visualstudioproject\detectionmonitor\detectionmonitor\debug\detectionmonitor.tlog\detectionmonitor.write.1u.tlog
c:\visualstudioproject\detectionmonitor\detectionmonitor\debug\detectionmonitor.tlog\link.command.1.tlog
c:\visualstudioproject\detectionmonitor\detectionmonitor\debug\detectionmonitor.tlog\link.read.1.tlog
c:\visualstudioproject\detectionmonitor\detectionmonitor\debug\detectionmonitor.tlog\link.write.1.tlog
c:\visualstudioproject\detectionmonitor\detectionmonitor\debug\detectionmonitor.tlog\metagen.read.1.tlog
c:\visualstudioproject\detectionmonitor\detectionmonitor\debug\detectionmonitor.tlog\metagen.write.1.tlog
c:\visualstudioproject\detectionmonitor\detectionmonitor\debug\detectionmonitor.tlog\tzres.dll.bi
